[debug] [2024-08-04T20:32:17.994Z] ----------------------------------------------------------------------
[debug] [2024-08-04T20:32:17.996Z] Command:       C:\Program Files\nodejs\node.exe C:\Users\conta\AppData\Roaming\npm\node_modules\firebase-tools\lib\bin\firebase.js deploy
[debug] [2024-08-04T20:32:17.996Z] CLI Version:   13.14.2
[debug] [2024-08-04T20:32:17.997Z] Platform:      win32
[debug] [2024-08-04T20:32:17.997Z] Node Version:  v18.12.1
[debug] [2024-08-04T20:32:17.997Z] Time:          Sun Aug 04 2024 15:32:17 GMT-0500 (hora de verano central)
[debug] [2024-08-04T20:32:17.998Z] ----------------------------------------------------------------------
[debug] 
[debug] [2024-08-04T20:32:18.010Z] >>> [apiv2][query] GET https://firebase-public.firebaseio.com/cli.json [none]
[debug] [2024-08-04T20:32:18.119Z] > command requires scopes: ["email","openid","https://www.googleapis.com/auth/cloudplatformprojects.readonly","https://www.googleapis.com/auth/firebase","https://www.googleapis.com/auth/cloud-platform"]
[debug] [2024-08-04T20:32:18.119Z] > authorizing via signed-in user (admin@asociacionmontessori.com.mx)
[debug] [2024-08-04T20:32:18.119Z] [iam] checking project montessori-728c0 for permissions ["datastore.indexes.create","datastore.indexes.delete","datastore.indexes.list","datastore.indexes.update","firebase.projects.get","firebasehosting.sites.update"]
[debug] [2024-08-04T20:32:18.120Z] > refreshing access token with scopes: []
[debug] [2024-08-04T20:32:18.121Z] >>> [apiv2][query] POST https://www.googleapis.com/oauth2/v3/token [none]
[debug] [2024-08-04T20:32:18.121Z] >>> [apiv2][body] POST https://www.googleapis.com/oauth2/v3/token [omitted]
[debug] [2024-08-04T20:32:40.347Z] *** [apiv2] error from fetch(https://www.googleapis.com/oauth2/v3/token, {"headers":{},"method":"POST","body":{"_overheadLength":545,"_valueLength":212,"_valuesToMeasure":[],"writable":false,"readable":true,"dataSize":0,"maxDataSize":2097152,"pauseStreams":true,"_released":true,"_streams":[],"_currentStream":null,"_insideLoop":false,"_pendingNext":false,"_boundary":"--------------------------180479763767019570816724","_events":{},"_eventsCount":1}}): FetchError: request to https://www.googleapis.com/oauth2/v3/token failed, reason: connect ETIMEDOUT 2607:f8b0:4002:c02::5f:443
[debug] [2024-08-04T20:32:40.347Z] [iam] error while checking permissions, command may fail: FirebaseError: Authentication Error: Your credentials are no longer valid. Please run firebase login --reauth

For CI servers and headless environments, generate a new token with firebase login:ci
[debug] [2024-08-04T20:32:40.348Z] > refreshing access token with scopes: []
[debug] [2024-08-04T20:32:40.348Z] >>> [apiv2][query] POST https://www.googleapis.com/oauth2/v3/token [none]
[debug] [2024-08-04T20:32:40.348Z] >>> [apiv2][body] POST https://www.googleapis.com/oauth2/v3/token [omitted]
[debug] [2024-08-04T20:32:40.361Z] *** [apiv2] error from fetch(https://firebase-public.firebaseio.com/cli.json, {"headers":{},"method":"GET"}): FetchError: request to https://firebase-public.firebaseio.com/cli.json failed, reason: connect ETIMEDOUT 2600:1901:0:4d00:::443
[warn] !  Unable to fetch the CLI MOTD and remote config. This is not a fatal error, but may indicate an issue with your network connection. 
[debug] [2024-08-04T20:32:40.362Z] Failed to fetch MOTD FirebaseError: Failed to make request to https://firebase-public.firebaseio.com/cli.json
[debug] [2024-08-04T20:33:01.373Z] *** [apiv2] error from fetch(https://www.googleapis.com/oauth2/v3/token, {"headers":{},"method":"POST","body":{"_overheadLength":545,"_valueLength":212,"_valuesToMeasure":[],"writable":false,"readable":true,"dataSize":0,"maxDataSize":2097152,"pauseStreams":true,"_released":true,"_streams":[],"_currentStream":null,"_insideLoop":false,"_pendingNext":false,"_boundary":"--------------------------361978560267682757942323","_events":{},"_eventsCount":1}}): FetchError: request to https://www.googleapis.com/oauth2/v3/token failed, reason: connect ETIMEDOUT 2607:f8b0:4002:c02::5f:443
[debug] [2024-08-04T20:33:01.373Z] Authentication Error: Your credentials are no longer valid. Please run firebase login --reauth

For CI servers and headless environments, generate a new token with firebase login:ci
[error] 
[error] Error: Assertion failed: resolving hosting target of a site with no site name or target name. This should have caused an error earlier
